This is pdfTeX, Version 3.14159265-2.6-1.40.16 (TeX Live 2015/Debian) (preloaded format=pdflatex 2018.8.28)  22 MAY 2019 10:18
entering extended mode
 restricted \write18 enabled.
 %&-line parsing enabled.
**&pdflatex prv_<none>.ini \nonstopmode\nofiles\PassOptionsToPackage{active,tightpage,auctex}{preview}\AtBeginDocument{\ifx\ifPreview\undefined\RequirePackage[displaymath,floats,graphics,textmath,sections,footnotes]{preview}[2004/11/05]\fi} \input <none>.tex
(./prv_<none>.ini
LaTeX2e <2016/02/01>
Babel <3.9q> and hyphenation patterns for 3 language(s) loaded.
(/usr/share/texlive/texmf-dist/tex/latex/carlisle/mylatex.ltx) (/usr/share/texlive/texmf-dist/tex/latex/tools/.tex File ignored))
No auxiliary output files.

! I can't find file `<none>.tex'.
<*> ...{preview}[2004/11/05]\fi} \input <none>.tex
                                                  
(Press Enter to retry, or Control-D to exit)
Please type another input file name
! Emergency stop.
<*> ...{preview}[2004/11/05]\fi} \input <none>.tex
                                                  
*** (job aborted, file error in nonstop mode)

 
Here is how much of TeX's memory you used:
 25 strings out of 494953
 618 string characters out of 6180977
 45171 words of memory out of 5000000
 3402 multiletter control sequences out of 15000+600000
 3640 words of font info for 14 fonts, out of 8000000 for 9000
 14 hyphenation exceptions out of 8191
 5i,0n,5p,491b,12s stack positions out of 5000i,500n,10000p,200000b,80000s
!  ==> Fatal error occurred, no output PDF file produced!
